Determining if the pthread_create exist failed with the following output:
Change Dir: /home/demphi/ros/dip_ws/build/CMakeFiles/CMakeTmp

Run Build Command:"/usr/bin/make" "cmTC_1346f/fast"
/usr/bin/make -f CMakeFiles/cmTC_1346f.dir/build.make CMakeFiles/cmTC_1346f.dir/build
make[1]: Entering directory '/home/demphi/ros/dip_ws/build/CMakeFiles/CMakeTmp'
Building C object CMakeFiles/cmTC_1346f.dir/CheckSymbolExists.c.o
/usr/bin/cc    -o CMakeFiles/cmTC_1346f.dir/CheckSymbolExists.c.o   -c /home/demphi/ros/dip_ws/build/CMakeFiles/CMakeTmp/CheckSymbolExists.c
Linking C executable cmTC_1346f
/usr/local/bin/cmake -E cmake_link_script CMakeFiles/cmTC_1346f.dir/link.txt --verbose=1
/usr/bin/cc      -rdynamic CMakeFiles/cmTC_1346f.dir/CheckSymbolExists.c.o  -o cmTC_1346f 
CMakeFiles/cmTC_1346f.dir/CheckSymbolExists.c.o: In function `main':
CheckSymbolExists.c:(.text+0x1b): undefined reference to `pthread_create'
collect2: error: ld returned 1 exit status
CMakeFiles/cmTC_1346f.dir/build.make:86: recipe for target 'cmTC_1346f' failed
make[1]: *** [cmTC_1346f] Error 1
make[1]: Leaving directory '/home/demphi/ros/dip_ws/build/CMakeFiles/CMakeTmp'
Makefile:121: recipe for target 'cmTC_1346f/fast' failed
make: *** [cmTC_1346f/fast] Error 2

File /home/demphi/ros/dip_ws/build/CMakeFiles/CMakeTmp/CheckSymbolExists.c:
/* */
#include <pthread.h>

int main(int argc, char** argv)
{
  (void)argv;
#ifndef pthread_create
  return ((int*)(&pthread_create))[argc];
#else
  (void)argc;
  return 0;
#endif
}

Determining if the function pthread_create exists in the pthreads failed with the following output:
Change Dir: /home/demphi/ros/dip_ws/build/CMakeFiles/CMakeTmp

Run Build Command:"/usr/bin/make" "cmTC_ff26a/fast"
/usr/bin/make -f CMakeFiles/cmTC_ff26a.dir/build.make CMakeFiles/cmTC_ff26a.dir/build
make[1]: Entering directory '/home/demphi/ros/dip_ws/build/CMakeFiles/CMakeTmp'
Building C object CMakeFiles/cmTC_ff26a.dir/CheckFunctionExists.c.o
/usr/bin/cc   -DCHECK_FUNCTION_EXISTS=pthread_create   -o CMakeFiles/cmTC_ff26a.dir/CheckFunctionExists.c.o   -c /usr/local/share/cmake-3.13/Modules/CheckFunctionExists.c
Linking C executable cmTC_ff26a
/usr/local/bin/cmake -E cmake_link_script CMakeFiles/cmTC_ff26a.dir/link.txt --verbose=1
/usr/bin/cc  -DCHECK_FUNCTION_EXISTS=pthread_create    -rdynamic CMakeFiles/cmTC_ff26a.dir/CheckFunctionExists.c.o  -o cmTC_ff26a -lpthreads 
/usr/bin/ld: cannot find -lpthreads
collect2: error: ld returned 1 exit status
CMakeFiles/cmTC_ff26a.dir/build.make:86: recipe for target 'cmTC_ff26a' failed
make[1]: *** [cmTC_ff26a] Error 1
make[1]: Leaving directory '/home/demphi/ros/dip_ws/build/CMakeFiles/CMakeTmp'
Makefile:121: recipe for target 'cmTC_ff26a/fast' failed
make: *** [cmTC_ff26a/fast] Error 2


